Arguments: 
  C:\Program Files\nodejs\node.exe C:\Program Files (x86)\Yarn\bin\yarn.js init

PATH: 
  C:\Users\Saiyi\bin;C:\Program Files\Git\mingw64\bin;C:\Program Files\Git\usr\local\bin;C:\Program Files\Git\usr\bin;C:\Program Files\Git\usr\bin;C:\Program Files\Git\mingw64\bin;C:\Program Files\Git\usr\bin;C:\Users\Saiyi\bin;C:\WINDOWS\system32;C:\WINDOWS;C:\WINDOWS\System32\Wbem;C:\WINDOWS\System32\WindowsPowerShell\v1.0;C:\WINDOWS\System32\OpenSSH;C:\Program Files\dotnet;C:\Program Files\Microsoft SQL Server\130\Tools\Binn;C:\Program Files (x86)\Microsoft SQL Server\150\DTS\Binn;C:\Program Files\Microsoft SQL Server\Client SDK\ODBC\130\Tools\Binn;C:\Program Files (x86)\Microsoft SQL Server\140\Tools\Binn;C:\Program Files\Microsoft SQL Server\140\Tools\Binn;C:\Program Files\Microsoft SQL Server\140\DTS\Binn;C:\Program Files\Git\cmd;C:\Program Files\nodejs;C:\Program Files (x86)\Yarn\bin;C:\Program Files\Microsoft SQL Server\Client SDK\ODBC\170\Tools\Binn;C:\Users\Saiyi\AppData\Local\Microsoft\WindowsApps;C:\Users\Saiyi\AppData\Local\Programs\Microsoft VS Code\bin;C:\Users\Saiyi\AppData\Roaming\npm;C:\Users\Saiyi\AppData\Local\Yarn\bin;C:\Users\Saiyi\.dotnet\tools;C:\Users\Saiyi\AppData\Local\GitHubDesktop\bin;%USERPROFILE%\AppData\Local\Microsoft\WindowsApps;C:\Program Files\Git\usr\bin\vendor_perl;C:\Program Files\Git\usr\bin\core_perl

Yarn version: 
  1.19.0

Node version: 
  10.16.3

Platform: 
  win32 x64

Trace: 
  Error: canceled
      at Interface.<anonymous> (C:\Program Files (x86)\Yarn\lib\cli.js:136799:13)
      at Interface.emit (events.js:198:13)
      at Interface._ttyWrite (readline.js:801:16)
      at ReadStream.onkeypress (readline.js:184:10)
      at ReadStream.emit (events.js:198:13)
      at emitKeys (internal/readline.js:424:14)
      at emitKeys.next (<anonymous>)
      at ReadStream.onData (readline.js:1075:36)
      at ReadStream.emit (events.js:198:13)
      at addChunk (_stream_readable.js:288:12)

npm manifest: 
  No manifest

yarn manifest: 
  No manifest

Lockfile: 
  No lockfile
